app/build/intermediates/manifest_merge_blame_file/debug/manifest-merger-blame-debug-report.txt
1<?xml version="1.0" encoding="utf-8"?>
2<manifest xmlns:android="http://schemas.android.com/apk/res/android"
3    package="com.focusguard.adblocker"
4    android:versionCode="1"
5    android:versionName="1.0" >
6
7    <uses-sdk
8        android:minSdkVersion="26"
9        android:targetSdkVersion="34" />
10
11    <!-- Permissions -->
12    <uses-permission android:name="android.permission.SYSTEM_ALERT_WINDOW" />
12-->src/main/AndroidManifest.xml:6:5-78
12-->src/main/AndroidManifest.xml:6:22-75
13    <uses-permission android:name="android.permission.VIBRATE" />
13-->src/main/AndroidManifest.xml:7:5-66
13-->src/main/AndroidManifest.xml:7:22-63
14    <uses-permission android:name="android.permission.FOREGROUND_SERVICE" />
14-->src/main/AndroidManifest.xml:8:5-77
14-->src/main/AndroidManifest.xml:8:22-74
15    <!-- POST_NOTIFICATIONS only needed for Android 13+ -->
16    <uses-permission android:name="android.permission.POST_NOTIFICATIONS" />
16-->src/main/AndroidManifest.xml:10:5-77
16-->src/main/AndroidManifest.xml:10:22-74
17    <!-- Usage Stats permission for tracking app usage -->
18    <uses-permission android:name="android.permission.PACKAGE_USAGE_STATS" />
18-->src/main/AndroidManifest.xml:12:5-13:47
18-->src/main/AndroidManifest.xml:12:22-75
19
20    <!-- Optional features for better compatibility -->
21    <uses-feature
21-->src/main/AndroidManifest.xml:16:5-87
22        android:name="android.software.leanback"
22-->src/main/AndroidManifest.xml:16:19-59
23        android:required="false" />
23-->src/main/AndroidManifest.xml:16:60-84
24    <uses-feature
24-->src/main/AndroidManifest.xml:17:5-90
25        android:name="android.hardware.touchscreen"
25-->src/main/AndroidManifest.xml:17:19-62
26        android:required="false" />
26-->src/main/AndroidManifest.xml:17:63-87
27
28    <permission
28-->[androidx.core:core:1.13.1] AndroidManifest.xml:22:5-24:47
29        android:name="com.focusguard.adblocker.DYNAMIC_RECEIVER_NOT_EXPORTED_PERMISSION"
29-->[androidx.core:core:1.13.1] AndroidManifest.xml:23:9-81
30        android:protectionLevel="signature" />
30-->[androidx.core:core:1.13.1] AndroidManifest.xml:24:9-44
31
32    <uses-permission android:name="com.focusguard.adblocker.DYNAMIC_RECEIVER_NOT_EXPORTED_PERMISSION" />
32-->[androidx.core:core:1.13.1] AndroidManifest.xml:26:5-97
32-->[androidx.core:core:1.13.1] AndroidManifest.xml:26:22-94
33
34    <application
34-->src/main/AndroidManifest.xml:19:5-88:19
35        android:allowBackup="true"
35-->src/main/AndroidManifest.xml:20:9-35
36        android:appComponentFactory="androidx.core.app.CoreComponentFactory"
36-->[androidx.core:core:1.13.1] AndroidManifest.xml:28:18-86
37        android:dataExtractionRules="@xml/data_extraction_rules"
37-->src/main/AndroidManifest.xml:21:9-65
38        android:debuggable="true"
39        android:extractNativeLibs="false"
40        android:fullBackupContent="@xml/backup_rules"
40-->src/main/AndroidManifest.xml:22:9-54
41        android:icon="@mipmap/ic_launcher"
41-->src/main/AndroidManifest.xml:23:9-43
42        android:label="@string/app_name"
42-->src/main/AndroidManifest.xml:24:9-41
43        android:roundIcon="@mipmap/ic_launcher_round"
43-->src/main/AndroidManifest.xml:25:9-54
44        android:supportsRtl="true"
44-->src/main/AndroidManifest.xml:26:9-35
45        android:testOnly="true"
46        android:theme="@style/Theme.ShopBlockr" >
46-->src/main/AndroidManifest.xml:27:9-48
47
48        <!-- Main Activity -->
49        <activity
49-->src/main/AndroidManifest.xml:31:9-39:20
50            android:name="com.focusguard.adblocker.MainActivity"
50-->src/main/AndroidManifest.xml:32:13-41
51            android:exported="true"
51-->src/main/AndroidManifest.xml:33:13-36
52            android:theme="@style/Theme.ShopBlockr" >
52-->src/main/AndroidManifest.xml:34:13-52
53            <intent-filter>
53-->src/main/AndroidManifest.xml:35:13-38:29
54                <action android:name="android.intent.action.MAIN" />
54-->src/main/AndroidManifest.xml:36:17-69
54-->src/main/AndroidManifest.xml:36:25-66
55
56                <category android:name="android.intent.category.LAUNCHER" />
56-->src/main/AndroidManifest.xml:37:17-77
56-->src/main/AndroidManifest.xml:37:27-74
57            </intent-filter>
58        </activity>
59
60        <!-- Settings Activity -->
61        <activity
61-->src/main/AndroidManifest.xml:42:9-45:58
62            android:name="com.focusguard.adblocker.SettingsActivity"
62-->src/main/AndroidManifest.xml:43:13-45
63            android:exported="false"
63-->src/main/AndroidManifest.xml:44:13-37
64            android:parentActivityName="com.focusguard.adblocker.MainActivity" />
64-->src/main/AndroidManifest.xml:45:13-55
65
66        <!-- Analytics Activity -->
67        <activity
67-->src/main/AndroidManifest.xml:48:9-51:58
68            android:name="com.focusguard.adblocker.AnalyticsActivity"
68-->src/main/AndroidManifest.xml:49:13-46
69            android:exported="false"
69-->src/main/AndroidManifest.xml:50:13-37
70            android:parentActivityName="com.focusguard.adblocker.MainActivity" />
70-->src/main/AndroidManifest.xml:51:13-55
71
72        <!-- Device Compatibility Activity -->
73        <activity
73-->src/main/AndroidManifest.xml:54:9-57:58
74            android:name="com.focusguard.adblocker.DeviceCompatibilityActivity"
74-->src/main/AndroidManifest.xml:55:13-56
75            android:exported="false"
75-->src/main/AndroidManifest.xml:56:13-37
76            android:parentActivityName="com.focusguard.adblocker.MainActivity" />
76-->src/main/AndroidManifest.xml:57:13-55
77
78        <!-- Tips Activity -->
79        <activity
79-->src/main/AndroidManifest.xml:60:9-63:58
80            android:name="com.focusguard.adblocker.TipsActivity"
80-->src/main/AndroidManifest.xml:61:13-41
81            android:exported="false"
81-->src/main/AndroidManifest.xml:62:13-37
82            android:parentActivityName="com.focusguard.adblocker.MainActivity" />
82-->src/main/AndroidManifest.xml:63:13-55
83
84        <!-- Accessibility Service -->
85        <service
85-->src/main/AndroidManifest.xml:66:9-76:19
86            android:name="com.focusguard.adblocker.ShopBlockrAccessibilityService"
86-->src/main/AndroidManifest.xml:67:13-59
87            android:exported="true"
87-->src/main/AndroidManifest.xml:68:13-36
88            android:permission="android.permission.BIND_ACCESSIBILITY_SERVICE" >
88-->src/main/AndroidManifest.xml:69:13-79
89            <intent-filter>
89-->src/main/AndroidManifest.xml:70:13-72:29
90                <action android:name="android.accessibilityservice.AccessibilityService" />
90-->src/main/AndroidManifest.xml:71:17-92
90-->src/main/AndroidManifest.xml:71:25-89
91            </intent-filter>
92
93            <meta-data
93-->src/main/AndroidManifest.xml:73:13-75:72
94                android:name="android.accessibilityservice"
94-->src/main/AndroidManifest.xml:74:17-60
95                android:resource="@xml/accessibility_service_config" />
95-->src/main/AndroidManifest.xml:75:17-69
96        </service>
97
98        <!-- Overlay Service -->
99        <service
99-->src/main/AndroidManifest.xml:79:9-81:40
100            android:name="com.focusguard.adblocker.OverlayService"
100-->src/main/AndroidManifest.xml:80:13-43
101            android:exported="false" />
101-->src/main/AndroidManifest.xml:81:13-37
102
103        <!-- Notification Service -->
104        <service
104-->src/main/AndroidManifest.xml:84:9-86:40
105            android:name="com.focusguard.adblocker.NotificationService"
105-->src/main/AndroidManifest.xml:85:13-48
106            android:exported="false" />
106-->src/main/AndroidManifest.xml:86:13-37
107
108        <provider
108-->[androidx.emoji2:emoji2:1.3.0] AndroidManifest.xml:24:9-32:20
109            android:name="androidx.startup.InitializationProvider"
109-->[androidx.emoji2:emoji2:1.3.0] AndroidManifest.xml:25:13-67
110            android:authorities="com.focusguard.adblocker.androidx-startup"
110-->[androidx.emoji2:emoji2:1.3.0] AndroidManifest.xml:26:13-68
111            android:exported="false" >
111-->[androidx.emoji2:emoji2:1.3.0] AndroidManifest.xml:27:13-37
112            <meta-data
112-->[androidx.emoji2:emoji2:1.3.0] AndroidManifest.xml:29:13-31:52
113                android:name="androidx.emoji2.text.EmojiCompatInitializer"
113-->[androidx.emoji2:emoji2:1.3.0] AndroidManifest.xml:30:17-75
114                android:value="androidx.startup" />
114-->[androidx.emoji2:emoji2:1.3.0] AndroidManifest.xml:31:17-49
115            <meta-data
115-->[androidx.lifecycle:lifecycle-process:2.8.4] AndroidManifest.xml:29:13-31:52
116                android:name="androidx.lifecycle.ProcessLifecycleInitializer"
116-->[androidx.lifecycle:lifecycle-process:2.8.4] AndroidManifest.xml:30:17-78
117                android:value="androidx.startup" />
117-->[androidx.lifecycle:lifecycle-process:2.8.4] AndroidManifest.xml:31:17-49
118            <meta-data
118-->[androidx.profileinstaller:profileinstaller:1.3.1] AndroidManifest.xml:29:13-31:52
119                android:name="androidx.profileinstaller.ProfileInstallerInitializer"
119-->[androidx.profileinstaller:profileinstaller:1.3.1] AndroidManifest.xml:30:17-85
120                android:value="androidx.startup" />
120-->[androidx.profileinstaller:profileinstaller:1.3.1] AndroidManifest.xml:31:17-49
121        </provider>
122
123        <receiver
123-->[androidx.profileinstaller:profileinstaller:1.3.1] AndroidManifest.xml:34:9-52:20
124            android:name="androidx.profileinstaller.ProfileInstallReceiver"
124-->[androidx.profileinstaller:profileinstaller:1.3.1] AndroidManifest.xml:35:13-76
125            android:directBootAware="false"
125-->[androidx.profileinstaller:profileinstaller:1.3.1] AndroidManifest.xml:36:13-44
126            android:enabled="true"
126-->[androidx.profileinstaller:profileinstaller:1.3.1] AndroidManifest.xml:37:13-35
127            android:exported="true"
127-->[androidx.profileinstaller:profileinstaller:1.3.1] AndroidManifest.xml:38:13-36
128            android:permission="android.permission.DUMP" >
128-->[androidx.profileinstaller:profileinstaller:1.3.1] AndroidManifest.xml:39:13-57
129            <intent-filter>
129-->[androidx.profileinstaller:profileinstaller:1.3.1] AndroidManifest.xml:40:13-42:29
130                <action android:name="androidx.profileinstaller.action.INSTALL_PROFILE" />
130-->[androidx.profileinstaller:profileinstaller:1.3.1] AndroidManifest.xml:41:17-91
130-->[androidx.profileinstaller:profileinstaller:1.3.1] AndroidManifest.xml:41:25-88
131            </intent-filter>
132            <intent-filter>
132-->[androidx.profileinstaller:profileinstaller:1.3.1] AndroidManifest.xml:43:13-45:29
133                <action android:name="androidx.profileinstaller.action.SKIP_FILE" />
133-->[androidx.profileinstaller:profileinstaller:1.3.1] AndroidManifest.xml:44:17-85
133-->[androidx.profileinstaller:profileinstaller:1.3.1] AndroidManifest.xml:44:25-82
134            </intent-filter>
135            <intent-filter>
135-->[androidx.profileinstaller:profileinstaller:1.3.1] AndroidManifest.xml:46:13-48:29
136                <action android:name="androidx.profileinstaller.action.SAVE_PROFILE" />
136-->[androidx.profileinstaller:profileinstaller:1.3.1] AndroidManifest.xml:47:17-88
136-->[androidx.profileinstaller:profileinstaller:1.3.1] AndroidManifest.xml:47:25-85
137            </intent-filter>
138            <intent-filter>
138-->[androidx.profileinstaller:profileinstaller:1.3.1] AndroidManifest.xml:49:13-51:29
139                <action android:name="androidx.profileinstaller.action.BENCHMARK_OPERATION" />
139-->[androidx.profileinstaller:profileinstaller:1.3.1] AndroidManifest.xml:50:17-95
139-->[androidx.profileinstaller:profileinstaller:1.3.1] AndroidManifest.xml:50:25-92
140            </intent-filter>
141        </receiver>
142    </application>
143
144</manifest>